2026-04-10 11:06:38,668 - INFO - === Start processing <Shot_3> time_range=00:04.204-00:05.105 ===
2026-04-10 11:06:38,668 - INFO - duration: 0.901s -> API duration=1
2026-04-10 11:06:38,669 - INFO - scene_id=<Scene_1>
2026-04-10 11:06:38,669 - INFO - full prompt:
Shot: <Shot_3>  |  Time range: 00:04.204-00:05.105
Summary: A close-up shot of the <Subject_2> (Male friend) at the <Location_2> (Amusement park at dusk), with the carousel in the background.

Detailed visual description:
This shot is a close-up of <Subject_2>, filmed at the same carnival, <Location_2>. He is a young man with short brown hair, a light mustache and beard, and he is wearing black-rimmed glasses. His face is angled towards the left of the frame, and he has a gentle smile as he appears to be in the middle of speaking. He is wearing a short-sleeved collared shirt with a pattern of vertical stripes in muted shades of red, white, and blue or grey. The lighting catches the reflection on his glasses. The camera is handheld, showing slight, natural movement. The background is identical to the previous shot, featuring the soft-focus, warmly lit carousel. The multitude of golden-yellow bokeh circles from the ride's lights fills the space behind him, reinforcing the festive, nighttime atmosphere of the carnival. The focus is kept shallow, sharply rendering the subject while the background melts into an abstract pattern of light and color. He appears relaxed and engaged in a pleasant social interaction.

Camera & atmosphere:
  Shot scale: Close Up
  Camera pose: Handheld
  Lighting: Low-key with warm, bright artificial lights from the background creating a soft fill on the subject.
  Color tone: Warm golden and yellow tones.
  Mood/atmosphere: Social, friendly, and warm.

Characters in this shot:
  <Subject_2> — Male friend
    Appearance (overall): A young man with short brown hair, a light goatee, and black-rimmed glasses. He is seen wearing a colorful tie-dye t-shirt and a vertically striped short-sleeve button-up shirt.
    Appearance (this shot): A young man with short brown hair, glasses, and light facial hair. He is wearing a multi-colored striped short-sleeve shirt and is smiling.
    Action: Smiling and looking towards the left of the frame, appearing to be in mid-conversation.
    Role: The subject appears in a brief montage sequence with the narrator, illustrating the idea of taking a break. His presence helps visualize the social aspect of the activities being discussed.

Location:
  <Location_2> — Amusement park at dusk (Outdoor / Open)
    Visual features: A brightly lit amusement park or carnival setting at dusk. A lit-up carousel and a tall, multi-colored star flyer swing ride are visible.
    Visual environment (this shot): The environment is the same carnival setting as the previous shot. A large, out-of-focus carousel with bright, warm yellow lights provides the backdrop.
    Key elements: Carousel with lights, Star flyer swing ride

Audio in this shot:
  <Audio_1> — Monologue on productive procrastination [VO / Narration]
    Style: The speaker has a youthful, female-presenting voice. Her delivery is conversational, calm, and slightly reflective. The pacing is steady and easy to follow, with a friendly and relatable tone.
    Content: The speaker explains that she is not good at taking breaks, but rather engages in 'productive procrastination' by replacing a task she doesn't want to do with another, more appealing productive task. She gives examples from college and her work life. She concludes by saying that when she finally hits a wall and can't be productive, she simply distracts herself by watching TV or playing video games to 'drown out the thoughts' rather than taking a restorative break.
    Rationale: This voiceover provides the entire narrative of the video. It functions as a personal reflection or video essay, explaining the speaker's habits and mindset regarding work, rest, and procrastination. The visuals serve as illustrations for the concepts described in the narration.
  <Audio_2> — Gentle Lo-Fi Instrumental [BGM / Instrumental]
    Style: This is a chill, lo-fi hip-hop style instrumental. It features a simple, relaxed drum beat, soft keyboard chords, and a gentle, clean electric guitar melody. The overall mood is calm, contemplative, and slightly wistful.
    Rationale: The music establishes a relaxed and thoughtful mood that complements the speaker's reflective narration. It runs continuously in the background, providing a consistent emotional tone and a smooth, cohesive audio bed for the montage of different video clips.
  Spoken dialogue/VO: "that I'm a workaholic"

Scene narrative (scene <Scene_1>):
  Role type: Montage  |  Position: middle
  Beat: Introduces <Subject_2> and reinforces the social context of the carnival outing.
  Emotional pacing: Maintains the quick, social, and energetic pace of the montage.
  Information conveyed: Introduces <Subject_2> as a companion in the narrator's social life.
  Transition in:  Cuts from <Subject_1> to her companion <Subject_2>, confirming they are together at the carnival.
  Transition out: Cuts to a wider, atmospheric shot of a carnival ride to establish the environment more broadly.

Reference image: The provided image is the first frame of this shot. Use it as a precise visual reference for scene composition, character appearance, props, and setting.
2026-04-10 11:06:38,669 - INFO - first_frame_url=https://tosv.byted.org/obj/dm-stickers-rec-sg/dm-stickers-rec-sg/yancheng/Shot_3_first_frame.jpg
2026-04-10 11:06:39,189 - INFO - Submitted task_id=wft_1pP4aNLJy3pSyVMoi9YGNn
2026-04-10 11:06:39,505 - INFO - Poll wft_1pP4aNLJy3pSyVMoi9YGNn -> processing
